{"/Users/samet/Documents/reedsy-assignment/q4/client/src/router.js": {"path":"/Users/samet/Documents/reedsy-assignment/q4/client/src/router.js","statementMap":{"0":{"start":{"line":7,"column":0},"end":{"line":7,"column":15}}},"fnMap":{},"branchMap":{},"s":{"0":1},"f":{},"b":{},"_coverageSchema":"332fd63041d2c1bcb487cc26dd0d5f7d97098a6c","hash":"52e6e4c91bc7b59b7c42b2e9ec60275893399c3e"}
,"/Users/samet/Documents/reedsy-assignment/q4/client/src/components/BookItem.vue": {"path":"/Users/samet/Documents/reedsy-assignment/q4/client/src/components/BookItem.vue","statementMap":{"0":{"start":{"line":14,"column":0},"end":{"line":null,"column":-1}},"1":{"start":{"line":27,"column":0},"end":{"line":null,"column":-1}}},"fnMap":{},"branchMap":{},"s":{"0":3,"1":1},"f":{},"b":{}}
,"/Users/samet/Documents/reedsy-assignment/q4/client/src/components/BookList.vue": {"path":"/Users/samet/Documents/reedsy-assignment/q4/client/src/components/BookList.vue","statementMap":{"0":{"start":{"line":8,"column":0},"end":{"line":null,"column":-1}},"1":{"start":{"line":18,"column":0},"end":{"line":null,"column":-1}}},"fnMap":{"0":{"name":"(anonymous_1)","decl":{"start":{"line":18,"column":0},"end":{"line":null,"column":-1}},"loc":{"start":{"line":18,"column":0},"end":{"line":null,"column":-1}}}},"branchMap":{},"s":{"0":3,"1":1},"f":{"0":1},"b":{}}
,"/Users/samet/Documents/reedsy-assignment/q4/client/src/filters/truncate.js": {"path":"/Users/samet/Documents/reedsy-assignment/q4/client/src/filters/truncate.js","statementMap":{"0":{"start":{"line":1,"column":17},"end":{"line":3,"column":1}},"1":{"start":{"line":2,"column":2},"end":{"line":2,"column":43}}},"fnMap":{"0":{"name":"(anonymous_0)","decl":{"start":{"line":1,"column":17},"end":{"line":1,"column":18}},"loc":{"start":{"line":1,"column":43},"end":{"line":3,"column":1}},"line":1}},"branchMap":{},"s":{"0":2,"1":5},"f":{"0":5},"b":{},"_coverageSchema":"332fd63041d2c1bcb487cc26dd0d5f7d97098a6c","hash":"f53c185d914b4d59f7edc249fc849bf5f1e69bea"}
,"/Users/samet/Documents/reedsy-assignment/q4/client/src/views/BookDetail.vue": {"path":"/Users/samet/Documents/reedsy-assignment/q4/client/src/views/BookDetail.vue","statementMap":{"0":{"start":{"line":22,"column":0},"end":{"line":null,"column":-1}},"1":{"start":{"line":24,"column":0},"end":{"line":null,"column":-1}},"2":{"start":{"line":32,"column":0},"end":{"line":null,"column":-1}},"3":{"start":{"line":37,"column":0},"end":{"line":39,"column":0}},"4":{"start":{"line":38,"column":0},"end":{"line":null,"column":-1}},"5":{"start":{"line":40,"column":0},"end":{"line":null,"column":-1}}},"fnMap":{},"branchMap":{"0":{"loc":{"start":{"line":37,"column":0},"end":{"line":39,"column":0}},"type":"if","locations":[{"start":{"line":37,"column":0},"end":{"line":39,"column":0}},{"start":{"line":37,"column":0},"end":{"line":39,"column":0}}]}},"s":{"0":2,"1":2,"2":3,"3":3,"4":1,"5":3},"f":{},"b":{"0":[1,2]}}
,"/Users/samet/Documents/reedsy-assignment/q4/client/src/views/Books.vue": {"path":"/Users/samet/Documents/reedsy-assignment/q4/client/src/views/Books.vue","statementMap":{"0":{"start":{"line":9,"column":0},"end":{"line":null,"column":-1}},"1":{"start":{"line":11,"column":0},"end":{"line":null,"column":-1}},"2":{"start":{"line":19,"column":0},"end":{"line":21,"column":0}},"3":{"start":{"line":20,"column":0},"end":{"line":null,"column":-1}}},"fnMap":{},"branchMap":{"0":{"loc":{"start":{"line":19,"column":0},"end":{"line":21,"column":0}},"type":"if","locations":[{"start":{"line":19,"column":0},"end":{"line":21,"column":0}},{"start":{"line":19,"column":0},"end":{"line":21,"column":0}}]}},"s":{"0":2,"1":2,"2":2,"3":1},"f":{},"b":{"0":[1,1]}}
}
