TN:
SF:/Users/samet/Documents/reedsy-assignment/q4/client/src/router.js
FNF:0
FNH:0
DA:7,1
LF:1
LH:1
BRF:0
BRH:0
end_of_record
TN:
SF:/Users/samet/Documents/reedsy-assignment/q4/client/src/components/BookItem.vue
FNF:0
FNH:0
DA:14,3
DA:27,1
LF:2
LH:2
BRF:0
BRH:0
end_of_record
TN:
SF:/Users/samet/Documents/reedsy-assignment/q4/client/src/components/BookList.vue
FN:18,(anonymous_1)
FNF:1
FNH:1
FNDA:1,(anonymous_1)
DA:8,3
DA:18,1
LF:2
LH:2
BRF:0
BRH:0
end_of_record
TN:
SF:/Users/samet/Documents/reedsy-assignment/q4/client/src/filters/truncate.js
FN:1,(anonymous_0)
FNF:1
FNH:1
FNDA:6,(anonymous_0)
DA:1,2
DA:2,6
LF:2
LH:2
BRF:0
BRH:0
end_of_record
TN:
SF:/Users/samet/Documents/reedsy-assignment/q4/client/src/views/BookDetail.vue
FNF:0
FNH:0
DA:22,2
DA:24,2
DA:32,3
DA:37,3
DA:38,1
DA:40,3
LF:6
LH:6
BRDA:37,0,0,1
BRDA:37,0,1,2
BRF:2
BRH:2
end_of_record
TN:
SF:/Users/samet/Documents/reedsy-assignment/q4/client/src/views/Books.vue
FNF:0
FNH:0
DA:9,2
DA:11,2
DA:19,2
DA:20,1
LF:4
LH:4
BRDA:19,0,0,1
BRDA:19,0,1,1
BRF:2
BRH:2
end_of_record
